<?xml version="1.0" encoding="UTF-8"?>
<!-- Generated by org.testng.reporters.JUnitReportReporter -->
<testsuite hostname="DESKTOP-D4SA1MF" failures="0" tests="1" name="com.TestCases.FirstPageTest" time="6.891" errors="0" timestamp="2023-12-08T09:41:52 IST" skipped="0">
  <testcase classname="com.TestCases.FirstPageTest" name="testCase2" time="6.891"/>
  <system-out/>
</testsuite> <!-- com.TestCases.FirstPageTest -->
